<?xml version="1.0" encoding="UTF-8"?>
<!-- Generated by org.testng.reporters.JUnitReportReporter -->
<testsuite hostname="LAPTOP-TKS46COI" failures="0" tests="1" name="testCase.TC002_LoginTest" time="2.585" errors="0" timestamp="2024-12-31T15:53:30 IST" skipped="0">
  <testcase classname="testCase.TC002_LoginTest" name="verify_login" time="2.585"/>
</testsuite> <!-- testCase.TC002_LoginTest -->
